<?xml version="1.0" encoding="UTF-8"?>
<!-- Generated by org.testng.reporters.JUnitXMLReporter -->
<testsuite ignored="0" hostname="HPS192-PC" failures="0" tests="4" name="Default test" time="165.838" errors="0" timestamp="2020-08-24T16:07:07 IST">
  <testcase classname="Scripts.TestCardsDraft1" name="login" time="8.564"/>
  <testcase classname="Scripts.TestCardsDraft1" name="draft" time="21.898"/>
  <testcase classname="Scripts.TestCardsDraft1" name="cards" time="51.58"/>
  <testcase classname="Scripts.TestCardsDraft1" name="draft1" time="61.183"/>
</testsuite> <!-- Default test -->
